oinventordonordeste.com  -- NA
americandaybr.com.br -- NA
samnytt.se  -- NA
leiajapb.com.br -- NA
mostaqbal.ae -- NA
leiajase.com.br -- NA
manageronline.it -- NA
estaticos.elmundo.es -- NA
jejswiat.pl -- NA
surfsecured.net -- NA
speckyboy.com -- NA
sipse.com  -- NA
pjmedia.com -- NA
cribeo.lavanguardia.com -- Possible redirect
laquotavincente.it -- NA
birminghampost.co.uk  -- NA
wonderneed.com -- NA
tripcombi.com  -- NA
cenarioepesquisa.com.br -- NA
classificadossociais.com.br -- NA
leiajaconteudo.com.br -- NA
tudoqueprecisasaber.com.br -- NA
soonetr.cf -- NA
infigrmier.cf -- NA
sizzlepixs.com  -- NA
memelliq.tk -- NA
meteocentre.co.uk -- Possible redirect
meteozentrum.de -- NA
kranoute.cf -- NA
satirapolitica.com -- NA
thinelskagalleriet.cf -- NA
lindrstromsbad.ga  -- NA
absolutmerida.com -- NA
absolutleon.com -- NA
andderstorphydraulik.ga -- NA
potentialvideo.com -- NA
flashcardexchange.com -- NA
burtonmail.co.uk -- NA
kunamelbanews.com -- NA
anovamulticonsulting.com -- NA
kciuk.pl -- NA
iaddict.com -- NA
breitbart.tv -- NA
forsale.myclassicgarage.com -- NA
www.happpyhomes.cf -- NA
hazetq.ga -- NA
morningcolumn.com -- NA
galiespacio.com -- NA
dcclassiccarseast.com -- NA
tvtamilshows.net -- NA
tecdefender.com.br -- NA
cenariosestrategias.com.br -- NA
gwargdak.tk -- NA
advertiserdemocrat.com -- NA
latinopost.com -- NA
meltyfashion.fr -- NA
tiscalinet.it -- NA
themovies.co.za -- NA
videisimo.net -- Possible redirect
granthamtarget.co.uk -- NA
washingtontimesemail.com -- NA
earthlink.net -- NA
westbriton.co.uk -- NA
khabarindiatv.com -- NA
stage-crichq.com -- NA
thespeakingtree.in -- Possible redirect
lietuvosrytas.lt -- NA
kassenloesung.eu -- NA
iphonedownloadblog.com -- NA
aprendergratis.com -- NA
eliceo.com -- NA
leergratis.com -- NA
planetnorthwest.com -- NA
planitnorthwest.com -- NA
elnk.net -- NA
word.com -- NA
pacc-news.com -- NA
gazetteonline.com --Redirect
wittyfeed.me -- NA
doctorhousingbubble.com -- NA
insidefutures.com -- NA
realclearmarkets.com  -- NA
tfccharts.com -- NA
tfchart.com -- NA
tradingcharts.com -- NA
whalewisdom.com -- NA
arcamaxmail.com -- Possible redirect
radioobradoiro.com -- NA
jugarushukaru.ro -- NA
florydinvaslui.ro -- NA
cocostiri.ro -- NA
pragcap.com -- NA
el-mundo.net  -- Possible redirect
motorsportblog.it -- NA
topforeignstocks.com -- NA
actionnewsnow.com -- NA
waaytv.com -- NA
kq2.com -- NA
wktv.com -- NA
wtva.com -- NA
wlfi.com -- NA
fvostered.ga -- NA
newhampshire.com -- NA
calazvo.cf -- NA
vertelzlen.tk -- NA
talkaboutwellbeing.com -- NA
mxitthisingen.ga -- NA
erzario.tk -- NA
elmundodeportivo.es  -- NA
abpananda.in  -- NA
newsbullet.in  -- NA
girlgaming.com -- NA
origamiway.com -- NA
grandparents.com -- NA
m2.corrieredellosport.it  -- NA
bostontarget.co.uk -- NA
thisisplymouth.co.uk -- NA
laptopninja.org -- NA
confidencialdigital.com -- NA
mommyandbabyessentials.com -- NA
absolut-argentina.com -- NA
